<?xml version="1.0" encoding="UTF-8"?>
<!-- Generated by org.testng.reporters.JUnitReportReporter -->
<testsuite hostname="Royak-Sai" failures="0" tests="2" name="TestNG.Drag_Drop" time="18.232" errors="0" timestamp="2022-04-12T21:16:05 IST" skipped="0">
  <testcase classname="TestNG.Drag_Drop" name="ABCD" time="8.207"/>
  <system-out/>
  <testcase classname="TestNG.Drag_Drop" name="KKK" time="10.025"/>
  <system-out/>
</testsuite> <!-- TestNG.Drag_Drop -->
