<?xml version="1.0" encoding="UTF-8"?>
<!-- Generated by org.testng.reporters.JUnitReportReporter -->
<testsuite hostname="Royak-Sai" failures="0" tests="4" name="TestNG.DependsOnMethodand1" time="0.012" errors="0" timestamp="2022-04-13T21:23:57 IST" skipped="0">
  <testcase classname="TestNG.DependsOnMethodand1" name="test2" time="0.001"/>
  <system-out/>
  <testcase classname="TestNG.DependsOnMethodand1" name="test1" time="0.002"/>
  <system-out/>
  <testcase classname="TestNG.DependsOnMethodand1" name="test4" time="0.007"/>
  <system-out/>
  <testcase classname="TestNG.DependsOnMethodand1" name="test3" time="0.002"/>
  <system-out/>
</testsuite> <!-- TestNG.DependsOnMethodand1 -->
