<?xml version="1.0" encoding="UTF-8"?>
<!-- Generated by org.testng.reporters.JUnitReportReporter -->
<testsuite hostname="Royak-Sai" failures="0" tests="1" name="TestNG.dropdown_orange" time="22.526" errors="0" timestamp="2022-04-05T21:26:19 IST" skipped="0">
  <testcase classname="TestNG.dropdown_orange" name="Login" time="22.526"/>
  <system-out/>
</testsuite> <!-- TestNG.dropdown_orange -->
