<?xml version="1.0" encoding="UTF-8"?>
<!-- Generated by org.testng.reporters.JUnitReportReporter -->
<testsuite hostname="Royak-Sai" failures="0" tests="1" name="TestNG.Parameters1" time="25.708" errors="0" timestamp="2022-04-12T20:46:10 IST" skipped="0">
  <testcase classname="TestNG.Parameters1" name="Login" time="25.708"/>
  <system-out/>
</testsuite> <!-- TestNG.Parameters1 -->
