<?xml version="1.0" encoding="UTF-8"?>
<!-- Generated by org.testng.reporters.JUnitReportReporter -->
<testsuite hostname="Royak-Sai" failures="0" tests="1" name="TestNG.Flipcart" time="157.248" errors="0" timestamp="2022-04-13T17:10:21 IST" skipped="0">
  <testcase classname="TestNG.Flipcart" name="Login" time="157.248"/>
  <system-out/>
</testsuite> <!-- TestNG.Flipcart -->
