<?xml version="1.0" encoding="UTF-8"?>
<!-- Generated by org.testng.reporters.JUnitReportReporter -->
<testsuite hostname="Royak-Sai" failures="0" tests="1" name="TestNG.iFrame" time="21.876" errors="0" timestamp="2022-04-06T22:04:01 IST" skipped="0">
  <testcase classname="TestNG.iFrame" name="login" time="21.876"/>
  <system-out/>
</testsuite> <!-- TestNG.iFrame -->
