<?xml version="1.0" encoding="UTF-8"?>
<!-- Generated by org.testng.reporters.JUnitReportReporter -->
<testsuite hostname="Royak-Sai" failures="0" tests="1" name="TestNG.PriyaTest" time="84.204" errors="0" timestamp="2022-04-12T20:08:36 IST" skipped="0">
  <testcase classname="TestNG.PriyaTest" name="Flipcartlogin" time="84.204"/>
  <system-out/>
</testsuite> <!-- TestNG.PriyaTest -->
