<?xml version="1.0" encoding="UTF-8"?>
<!-- Generated by org.testng.reporters.JUnitReportReporter -->
<testsuite hostname="Royak-Sai" failures="0" tests="2" name="TestNG.Groups1" time="0.013" errors="0" timestamp="2022-04-13T21:27:18 IST" skipped="0">
  <testcase classname="TestNG.Groups1" name="test3" time="0.002"/>
  <system-out/>
  <testcase classname="TestNG.Groups1" name="test1" time="0.011"/>
  <system-out/>
</testsuite> <!-- TestNG.Groups1 -->
